******************************
Namespace(board=True, cfg='configs/256x192_res50_lr1e-3_1x.yaml', debug=False, detector='yolo', device=device(type='cuda', index=0), dist_backend='nccl', dist_url='tcp://192.168.1.214:23345', exp_id='mse_no_aug_all_data', gpus=[0], launcher='none', map=True, nThreads=60, rank=-1, snapshot=2, sync=False, work_dir='./exp/mse_no_aug_all_data-256x192_res50_lr1e-3_1x.yaml/', world_size=4)
******************************
{'DATASET': {'TRAIN': {'TYPE': 'Halpe_26', 'ROOT': './data/halpe/', 'IMG_PREFIX': 'images/train2015', 'ANN': 'annotations/combined_train_annotations.json', 'AUG': {'FLIP': False, 'ROT_FACTOR': 40, 'SCALE_FACTOR': 0.3, 'NUM_JOINTS_HALF_BODY': 11, 'PROB_HALF_BODY': -1}}, 'VAL': {'TYPE': 'Halpe_26', 'ROOT': './data/halpe/', 'IMG_PREFIX': 'images/val2017', 'ANN': 'annotations/combined_val_annotations.json'}, 'TEST': {'TYPE': 'Halpe_26', 'ROOT': './data/halpe/', 'IMG_PREFIX': 'images/test', 'ANN': 'annotations/combined_test_annotations.json'}}, 'DATA_PRESET': {'TYPE': 'simple', 'SIGMA': 2, 'NUM_JOINTS': 26, 'IMAGE_SIZE': [256, 192], 'HEATMAP_SIZE': [64, 48]}, 'MODEL': {'TYPE': 'FastPose', 'PRETRAINED': 'pretrained_models/halpe26_fast_res50_256x192.pth', 'TRY_LOAD': '', 'NUM_DECONV_FILTERS': [256, 256, 256], 'NUM_LAYERS': 50}, 'LOSS': {'TYPE': 'MSELoss'}, 'DETECTOR': {'NAME': 'yolo', 'CONFIG': 'alphapose/detector/yolo/cfg/yolov3-spp.cfg', 'WEIGHTS': 'alphapose/detector/yolo/data/yolov3-spp.weights', 'NMS_THRES': 0.6, 'CONFIDENCE': 0.05}, 'TRAIN': {'WORLD_SIZE': 4, 'BATCH_SIZE': 32, 'BEGIN_EPOCH': 0, 'END_EPOCH': 100, 'OPTIMIZER': 'adam', 'LR': 0.001, 'LR_FACTOR': 0.1, 'LR_STEP': [15, 30], 'DPG_MILESTONE': 50, 'DPG_STEP': [15, 30]}, 'FILE_NAME': '256x192_res50_lr1e-3_1x.yaml'}
******************************
Loading model from pretrained_models/halpe26_fast_res50_256x192.pth...
############# Starting Epoch 0 | LR: 0.001 #############
Train-0 epoch | loss:0.00018541 | acc:0.6266
############# Starting Epoch 1 | LR: 0.001 #############
Train-1 epoch | loss:0.00013997 | acc:0.6741
GT Validation Loss: 0.00011714572063957424, Accuracy: 0.7270713852753299
############# Starting Epoch 2 | LR: 0.001 #############
Train-2 epoch | loss:0.00012711 | acc:0.6901
############# Starting Epoch 3 | LR: 0.001 #############
Train-3 epoch | loss:0.00012161 | acc:0.7002
GT Validation Loss: 0.00010676379921630457, Accuracy: 0.7388351146219381
############# Starting Epoch 4 | LR: 0.001 #############
Train-4 epoch | loss:0.00011792 | acc:0.7077
############# Starting Epoch 5 | LR: 0.001 #############
Train-5 epoch | loss:0.00011816 | acc:0.7078
GT Validation Loss: 0.00010053238527378574, Accuracy: 0.7514012308389143
############# Starting Epoch 6 | LR: 0.001 #############
Train-6 epoch | loss:0.00011182 | acc:0.7161
############# Starting Epoch 7 | LR: 0.001 #############
Train-7 epoch | loss:0.00010946 | acc:0.7192
GT Validation Loss: 9.724025857197417e-05, Accuracy: 0.7596646371300169
############# Starting Epoch 8 | LR: 0.001 #############
Train-8 epoch | loss:0.00010605 | acc:0.7243
############# Starting Epoch 9 | LR: 0.001 #############
Train-9 epoch | loss:0.00010590 | acc:0.7247
GT Validation Loss: 9.494983011126722e-05, Accuracy: 0.762122651442836
############# Starting Epoch 10 | LR: 0.001 #############
Train-10 epoch | loss:0.00010348 | acc:0.7290
############# Starting Epoch 11 | LR: 0.001 #############
Train-11 epoch | loss:0.00010429 | acc:0.7283
GT Validation Loss: 9.621172971353037e-05, Accuracy: 0.7625754671495336
############# Starting Epoch 12 | LR: 0.001 #############
Train-12 epoch | loss:0.00010214 | acc:0.7326
############# Starting Epoch 13 | LR: 0.001 #############
Train-13 epoch | loss:0.00010129 | acc:0.7352
GT Validation Loss: 9.290493927329628e-05, Accuracy: 0.7702094147750882
############# Starting Epoch 14 | LR: 0.001 #############
Train-14 epoch | loss:0.00009977 | acc:0.7348
############# Starting Epoch 15 | LR: 0.0001 #############
Train-15 epoch | loss:0.00009545 | acc:0.7446
GT Validation Loss: 8.808212417969851e-05, Accuracy: 0.7773486596398893
############# Starting Epoch 16 | LR: 0.0001 #############
Train-16 epoch | loss:0.00009390 | acc:0.7472
############# Starting Epoch 17 | LR: 0.0001 #############
Train-17 epoch | loss:0.00009324 | acc:0.7493
GT Validation Loss: 8.755859207198086e-05, Accuracy: 0.7788756797359404
############# Starting Epoch 18 | LR: 0.0001 #############
Train-18 epoch | loss:0.00009333 | acc:0.7478
############# Starting Epoch 19 | LR: 0.0001 #############
Train-19 epoch | loss:0.00009292 | acc:0.7497
GT Validation Loss: 8.690142851151711e-05, Accuracy: 0.780247576827518
############# Starting Epoch 20 | LR: 0.0001 #############
Train-20 epoch | loss:0.00009235 | acc:0.7506
############# Starting Epoch 21 | LR: 0.0001 #############
Train-21 epoch | loss:0.00009211 | acc:0.7514
GT Validation Loss: 8.684908541899793e-05, Accuracy: 0.7813011579272595
############# Starting Epoch 22 | LR: 0.0001 #############
Train-22 epoch | loss:0.00009216 | acc:0.7506
############# Starting Epoch 23 | LR: 0.0001 #############
Train-23 epoch | loss:0.00009196 | acc:0.7520
GT Validation Loss: 8.655817730613545e-05, Accuracy: 0.781692359955054
############# Starting Epoch 24 | LR: 0.0001 #############
Train-24 epoch | loss:0.00009166 | acc:0.7519
############# Starting Epoch 25 | LR: 0.0001 #############
Train-25 epoch | loss:0.00009129 | acc:0.7515
GT Validation Loss: 8.614361710874074e-05, Accuracy: 0.7819808298196884
############# Starting Epoch 26 | LR: 0.0001 #############
Train-26 epoch | loss:0.00009100 | acc:0.7528
############# Starting Epoch 27 | LR: 0.0001 #############
Train-27 epoch | loss:0.00009151 | acc:0.7511
GT Validation Loss: 8.587902402475478e-05, Accuracy: 0.7829961105244363
############# Starting Epoch 28 | LR: 0.0001 #############
Train-28 epoch | loss:0.00009117 | acc:0.7528
############# Starting Epoch 29 | LR: 0.0001 #############
Train-29 epoch | loss:0.00009064 | acc:0.7549
GT Validation Loss: 8.584486522350891e-05, Accuracy: 0.7831413702164853
############# Starting Epoch 30 | LR: 1e-05 #############
Train-30 epoch | loss:0.00009094 | acc:0.7538
############# Starting Epoch 31 | LR: 1e-05 #############
Train-31 epoch | loss:0.00009056 | acc:0.7520
GT Validation Loss: 8.561203888802802e-05, Accuracy: 0.7835771492926337
############# Starting Epoch 32 | LR: 1e-05 #############
Train-32 epoch | loss:0.00009077 | acc:0.7526
############# Starting Epoch 33 | LR: 1e-05 #############
Train-33 epoch | loss:0.00009018 | acc:0.7543
GT Validation Loss: 8.567911606340424e-05, Accuracy: 0.7836094292242008
############# Starting Epoch 34 | LR: 1e-05 #############
Train-34 epoch | loss:0.00009024 | acc:0.7543
############# Starting Epoch 35 | LR: 1e-05 #############
Train-35 epoch | loss:0.00009029 | acc:0.7546
GT Validation Loss: 8.54647446982543e-05, Accuracy: 0.7837062690189004
############# Starting Epoch 36 | LR: 1e-05 #############
Train-36 epoch | loss:0.00009001 | acc:0.7529
############# Starting Epoch 37 | LR: 1e-05 #############
Train-37 epoch | loss:0.00009009 | acc:0.7534
GT Validation Loss: 8.549213452010927e-05, Accuracy: 0.7833309507669558
############# Starting Epoch 38 | LR: 1e-05 #############
Train-38 epoch | loss:0.00008992 | acc:0.7542
############# Starting Epoch 39 | LR: 1e-05 #############
Train-39 epoch | loss:0.00009013 | acc:0.7548
GT Validation Loss: 8.55412819039583e-05, Accuracy: 0.7831252302507025
############# Starting Epoch 40 | LR: 1e-05 #############
Train-40 epoch | loss:0.00009000 | acc:0.7559
############# Starting Epoch 41 | LR: 1e-05 #############
Train-41 epoch | loss:0.00009039 | acc:0.7543
GT Validation Loss: 8.540361580905746e-05, Accuracy: 0.7837206156551519
############# Starting Epoch 42 | LR: 1e-05 #############
Train-42 epoch | loss:0.00008980 | acc:0.7552
############# Starting Epoch 43 | LR: 1e-05 #############
Train-43 epoch | loss:0.00009042 | acc:0.7542
GT Validation Loss: 8.530265127175886e-05, Accuracy: 0.7842747544803772
############# Starting Epoch 44 | LR: 1e-05 #############
Train-44 epoch | loss:0.00009012 | acc:0.7531
############# Starting Epoch 45 | LR: 1e-05 #############
Train-45 epoch | loss:0.00009039 | acc:0.7564
GT Validation Loss: 8.543086356501573e-05, Accuracy: 0.7838873953015787
############# Starting Epoch 46 | LR: 1e-05 #############
Train-46 epoch | loss:0.00009022 | acc:0.7542
############# Starting Epoch 47 | LR: 1e-05 #############
Train-47 epoch | loss:0.00008979 | acc:0.7538
GT Validation Loss: 8.52466363579172e-05, Accuracy: 0.7837311194424077
############# Starting Epoch 48 | LR: 1e-05 #############
Train-48 epoch | loss:0.00009014 | acc:0.7535
############# Starting Epoch 49 | LR: 1e-05 #############
Train-49 epoch | loss:0.00008984 | acc:0.7565
GT Validation Loss: 8.529696907556275e-05, Accuracy: 0.784728466851841
############# Starting Epoch 50 | LR: 1e-05 #############
Train-50 epoch | loss:0.00008996 | acc:0.7534
############# Starting Epoch 51 | LR: 0.001 #############
Train-51 epoch | loss:0.00010154 | acc:0.7352
GT Validation Loss: 9.178796982798339e-05, Accuracy: 0.7744948318804801
############# Starting Epoch 52 | LR: 0.001 #############
Train-52 epoch | loss:0.00010238 | acc:0.7331
############# Starting Epoch 53 | LR: 0.001 #############
Train-53 epoch | loss:0.00010081 | acc:0.7357
GT Validation Loss: 9.076616994185007e-05, Accuracy: 0.7743887692481902
############# Starting Epoch 54 | LR: 0.001 #############
Train-54 epoch | loss:0.00009959 | acc:0.7372
############# Starting Epoch 55 | LR: 0.001 #############
Train-55 epoch | loss:0.00009946 | acc:0.7398
GT Validation Loss: 8.934406557826202e-05, Accuracy: 0.7786820001465404
############# Starting Epoch 56 | LR: 0.001 #############
Train-56 epoch | loss:0.00009889 | acc:0.7395
############# Starting Epoch 57 | LR: 0.001 #############
Train-57 epoch | loss:0.00009848 | acc:0.7412
GT Validation Loss: 8.882342330198672e-05, Accuracy: 0.7782103544797628
############# Starting Epoch 58 | LR: 0.001 #############
Train-58 epoch | loss:0.00009706 | acc:0.7428
############# Starting Epoch 59 | LR: 0.001 #############
Train-59 epoch | loss:0.00009631 | acc:0.7416
GT Validation Loss: 8.924167280987103e-05, Accuracy: 0.7775650120383651
############# Starting Epoch 60 | LR: 0.001 #############
Train-60 epoch | loss:0.00009595 | acc:0.7425
############# Starting Epoch 61 | LR: 0.001 #############
Train-61 epoch | loss:0.00009543 | acc:0.7455
GT Validation Loss: 8.872823645210302e-05, Accuracy: 0.7792618860600397
############# Starting Epoch 62 | LR: 0.001 #############
Train-62 epoch | loss:0.00009536 | acc:0.7450
############# Starting Epoch 63 | LR: 0.001 #############
Train-63 epoch | loss:0.00009403 | acc:0.7480
GT Validation Loss: 8.794371650503042e-05, Accuracy: 0.7819467565585907
############# Starting Epoch 64 | LR: 0.001 #############
Train-64 epoch | loss:0.00009378 | acc:0.7469
############# Starting Epoch 65 | LR: 0.001 #############
Train-65 epoch | loss:0.00009668 | acc:0.7449
GT Validation Loss: 8.8910247560672e-05, Accuracy: 0.774516608024791
############# Starting Epoch 66 | LR: 0.0001 #############
Train-66 epoch | loss:0.00009310 | acc:0.7491
############# Starting Epoch 67 | LR: 0.0001 #############
Train-67 epoch | loss:0.00009173 | acc:0.7516
GT Validation Loss: 8.454610641993073e-05, Accuracy: 0.7864982269094738
############# Starting Epoch 68 | LR: 0.0001 #############
Train-68 epoch | loss:0.00009086 | acc:0.7525
############# Starting Epoch 69 | LR: 0.0001 #############
Train-69 epoch | loss:0.00009033 | acc:0.7546
GT Validation Loss: 8.383573640419886e-05, Accuracy: 0.7872460453240981
############# Starting Epoch 70 | LR: 0.0001 #############
Train-70 epoch | loss:0.00008976 | acc:0.7562
############# Starting Epoch 71 | LR: 0.0001 #############
Train-71 epoch | loss:0.00008952 | acc:0.7557
GT Validation Loss: 8.347429394912705e-05, Accuracy: 0.7891971878543427
############# Starting Epoch 72 | LR: 0.0001 #############
Train-72 epoch | loss:0.00008860 | acc:0.7560
############# Starting Epoch 73 | LR: 0.0001 #############
Train-73 epoch | loss:0.00008874 | acc:0.7579
GT Validation Loss: 8.301599939639355e-05, Accuracy: 0.7898427864856734
############# Starting Epoch 74 | LR: 0.0001 #############
Train-74 epoch | loss:0.00008849 | acc:0.7584
############# Starting Epoch 75 | LR: 0.0001 #############
Train-75 epoch | loss:0.00008800 | acc:0.7610
GT Validation Loss: 8.230681933406538e-05, Accuracy: 0.7917867556977923
############# Starting Epoch 76 | LR: 0.0001 #############
Train-76 epoch | loss:0.00008769 | acc:0.7589
############# Starting Epoch 77 | LR: 0.0001 #############
Train-77 epoch | loss:0.00008787 | acc:0.7602
GT Validation Loss: 8.233992425116944e-05, Accuracy: 0.7908344977165792
############# Starting Epoch 78 | LR: 0.0001 #############
Train-78 epoch | loss:0.00008764 | acc:0.7592
############# Starting Epoch 79 | LR: 0.0001 #############
Train-79 epoch | loss:0.00008700 | acc:0.7611
GT Validation Loss: 8.224017925352265e-05, Accuracy: 0.7918459355723311
############# Starting Epoch 80 | LR: 0.0001 #############
Train-80 epoch | loss:0.00008712 | acc:0.7609
############# Starting Epoch 81 | LR: 1e-05 #############
Train-81 epoch | loss:0.00008681 | acc:0.7621
GT Validation Loss: 8.205426037253908e-05, Accuracy: 0.7925865806688299
############# Starting Epoch 82 | LR: 1e-05 #############
Train-82 epoch | loss:0.00008676 | acc:0.7625
############# Starting Epoch 83 | LR: 1e-05 #############
Train-83 epoch | loss:0.00008661 | acc:0.7630
GT Validation Loss: 8.198532414571993e-05, Accuracy: 0.7923749677841161
############# Starting Epoch 84 | LR: 1e-05 #############
Train-84 epoch | loss:0.00008703 | acc:0.7602
############# Starting Epoch 85 | LR: 1e-05 #############
Train-85 epoch | loss:0.00008668 | acc:0.7624
GT Validation Loss: 8.19363187636488e-05, Accuracy: 0.7926296205775853
############# Starting Epoch 86 | LR: 1e-05 #############
Train-86 epoch | loss:0.00008649 | acc:0.7618
############# Starting Epoch 87 | LR: 1e-05 #############
Train-87 epoch | loss:0.00008679 | acc:0.7613
GT Validation Loss: 8.19511487682366e-05, Accuracy: 0.7921185216611152
############# Starting Epoch 88 | LR: 1e-05 #############
Train-88 epoch | loss:0.00008650 | acc:0.7634
############# Starting Epoch 89 | LR: 1e-05 #############
Train-89 epoch | loss:0.00008689 | acc:0.7631
GT Validation Loss: 8.175813397524043e-05, Accuracy: 0.7923767611136475
############# Starting Epoch 90 | LR: 1e-05 #############
Train-90 epoch | loss:0.00008664 | acc:0.7616
############# Starting Epoch 91 | LR: 1e-05 #############
Train-91 epoch | loss:0.00008682 | acc:0.7635
GT Validation Loss: 8.176114807808475e-05, Accuracy: 0.7927515669857257
############# Starting Epoch 92 | LR: 1e-05 #############
Train-92 epoch | loss:0.00008641 | acc:0.7620
############# Starting Epoch 93 | LR: 1e-05 #############
Train-93 epoch | loss:0.00008640 | acc:0.7613
GT Validation Loss: 8.17867549208778e-05, Accuracy: 0.7927497736561938
############# Starting Epoch 94 | LR: 1e-05 #############
Train-94 epoch | loss:0.00008632 | acc:0.7646
############# Starting Epoch 95 | LR: 1e-05 #############
Train-95 epoch | loss:0.00008652 | acc:0.7638
GT Validation Loss: 8.16964495301931e-05, Accuracy: 0.7925220208056971
############# Starting Epoch 96 | LR: 1e-05 #############
Train-96 epoch | loss:0.00008624 | acc:0.7639
############# Starting Epoch 97 | LR: 1e-05 #############
Train-97 epoch | loss:0.00008634 | acc:0.7625
GT Validation Loss: 8.174511151942958e-05, Accuracy: 0.7923122012505144
############# Starting Epoch 98 | LR: 1e-05 #############
Train-98 epoch | loss:0.00008638 | acc:0.7619
############# Starting Epoch 99 | LR: 1e-05 #############
Train-99 epoch | loss:0.00008628 | acc:0.7631
GT Validation Loss: 8.178117589794386e-05, Accuracy: 0.7923911077498994
